<?xml version="1.0" encoding="UTF-8"?>
<!-- Generated by org.testng.reporters.JUnitReportReporter -->
<testsuite hostname="Rajan-PC" name="com.testautomationassignment.pom.testcases.ABCNewsHomePage" tests="1" failures="0" timestamp="15 Feb 2017 10:40:30 GMT" time="8.245" errors="1">
  <testcase name="testABCNewsHomePage" time="8.245" classname="com.testautomationassignment.pom.testcases.ABCNewsHomePage">
    <error type="java.lang.RuntimeException" message="java.lang.InstantiationException: com.testautomationassignment.pom.pages.LaunchPage">
      <![CDATA[java.lang.RuntimeException: java.lang.InstantiationException: com.testautomationassignment.pom.pages.LaunchPage
	at org.openqa.selenium.support.PageFactory.instantiatePage(PageFactory.java:134)
	at org.openqa.selenium.support.PageFactory.initElements(PageFactory.java:64)
	at com.testautomationassignment.pom.pages.LaunchPage.goToABCNewsPage(LaunchPage.java:29)
	at com.testautomationassignment.pom.testcases.ABCNewsHomePage.testABCNewsHomePage(ABCNewsHomePage.java:37)
	at sun.reflect.NativeMethodAccessorImpl.invoke0(Native Method)
	at sun.reflect.NativeMethodAccessorImpl.invoke(Unknown Source)
	at sun.reflect.DelegatingMethodAccessorImpl.invoke(Unknown Source)
	at java.lang.reflect.Method.invoke(Unknown Source)
	at org.testng.internal.MethodInvocationHelper.invokeMethod(MethodInvocationHelper.java:85)
	at org.testng.internal.Invoker.invokeMethod(Invoker.java:639)
	at org.testng.internal.Invoker.invokeTestMethod(Invoker.java:821)
	at org.testng.internal.Invoker.invokeTestMethods(Invoker.java:1131)
	at org.testng.internal.TestMethodWorker.invokeTestMethods(TestMethodWorker.java:124)
	at org.testng.internal.TestMethodWorker.run(TestMethodWorker.java:108)
	at org.testng.TestRunner.privateRun(TestRunner.java:773)
	at org.testng.TestRunner.run(TestRunner.java:623)
	at org.testng.SuiteRunner.runTest(SuiteRunner.java:357)
	at org.testng.SuiteRunner.runSequentially(SuiteRunner.java:352)
	at org.testng.SuiteRunner.privateRun(SuiteRunner.java:310)
	at org.testng.SuiteRunner.run(SuiteRunner.java:259)
	at org.testng.SuiteRunnerWorker.runSuite(SuiteRunnerWorker.java:52)
	at org.testng.SuiteRunnerWorker.run(SuiteRunnerWorker.java:86)
	at org.testng.TestNG.runSuitesSequentially(TestNG.java:1185)
	at org.testng.TestNG.runSuitesLocally(TestNG.java:1110)
	at org.testng.TestNG.run(TestNG.java:1018)
	at org.testng.remote.AbstractRemoteTestNG.run(AbstractRemoteTestNG.java:132)
	at org.testng.remote.RemoteTestNG.initAndRun(RemoteTestNG.java:236)
	at org.testng.remote.RemoteTestNG.main(RemoteTestNG.java:81)
Caused by: java.lang.InstantiationException: com.testautomationassignment.pom.pages.LaunchPage
	at java.lang.Class.newInstance(Unknown Source)
	at org.openqa.selenium.support.PageFactory.instantiatePage(PageFactory.java:131)
	... 27 more
Caused by: java.lang.NoSuchMethodException: com.testautomationassignment.pom.pages.LaunchPage.<init>()
	at java.lang.Class.getConstructor0(Unknown Source)
	... 29 more
]]>
    </error>
  </testcase> <!-- testABCNewsHomePage -->
</testsuite> <!-- com.testautomationassignment.pom.testcases.ABCNewsHomePage -->
