<?xml version="1.0" encoding="UTF-8"?>
<testng-results skipped="0" failed="1" total="1" passed="0">
  <reporter-output>
  </reporter-output>
  <suite name="Default suite" duration-ms="8263" started-at="2017-02-15T10:40:21Z" finished-at="2017-02-15T10:40:30Z">
    <groups>
    </groups>
    <test name="Default test" duration-ms="8263" started-at="2017-02-15T10:40:21Z" finished-at="2017-02-15T10:40:30Z">
      <class name="com.testautomationassignment.pom.testcases.ABCNewsHomePage">
        <test-method status="FAIL" signature="testABCNewsHomePage()[pri:0, instance:com.testautomationassignment.pom.testcases.ABCNewsHomePage@1d8d30f7]" name="testABCNewsHomePage" duration-ms="8039" started-at="2017-02-15T21:40:21Z" finished-at="2017-02-15T21:40:29Z">
          <exception class="java.lang.RuntimeException">
            <message>
              <![CDATA[java.lang.InstantiationException: com.testautomationassignment.pom.pages.LaunchPage]]>
            </message>
            <full-stacktrace>
              <![CDATA[java.lang.RuntimeException: java.lang.InstantiationException: com.testautomationassignment.pom.pages.LaunchPage
	at org.openqa.selenium.support.PageFactory.instantiatePage(PageFactory.java:134)
	at org.openqa.selenium.support.PageFactory.initElements(PageFactory.java:64)
	at com.testautomationassignment.pom.pages.LaunchPage.goToABCNewsPage(LaunchPage.java:29)
	at com.testautomationassignment.pom.testcases.ABCNewsHomePage.testABCNewsHomePage(ABCNewsHomePage.java:37)
	at sun.reflect.NativeMethodAccessorImpl.invoke0(Native Method)
	at sun.reflect.NativeMethodAccessorImpl.invoke(Unknown Source)
	at sun.reflect.DelegatingMethodAccessorImpl.invoke(Unknown Source)
	at java.lang.reflect.Method.invoke(Unknown Source)
	at org.testng.internal.MethodInvocationHelper.invokeMethod(MethodInvocationHelper.java:85)
	at org.testng.internal.Invoker.invokeMethod(Invoker.java:639)
	at org.testng.internal.Invoker.invokeTestMethod(Invoker.java:821)
	at org.testng.internal.Invoker.invokeTestMethods(Invoker.java:1131)
	at org.testng.internal.TestMethodWorker.invokeTestMethods(TestMethodWorker.java:124)
	at org.testng.internal.TestMethodWorker.run(TestMethodWorker.java:108)
	at org.testng.TestRunner.privateRun(TestRunner.java:773)
	at org.testng.TestRunner.run(TestRunner.java:623)
	at org.testng.SuiteRunner.runTest(SuiteRunner.java:357)
	at org.testng.SuiteRunner.runSequentially(SuiteRunner.java:352)
	at org.testng.SuiteRunner.privateRun(SuiteRunner.java:310)
	at org.testng.SuiteRunner.run(SuiteRunner.java:259)
	at org.testng.SuiteRunnerWorker.runSuite(SuiteRunnerWorker.java:52)
	at org.testng.SuiteRunnerWorker.run(SuiteRunnerWorker.java:86)
	at org.testng.TestNG.runSuitesSequentially(TestNG.java:1185)
	at org.testng.TestNG.runSuitesLocally(TestNG.java:1110)
	at org.testng.TestNG.run(TestNG.java:1018)
	at org.testng.remote.AbstractRemoteTestNG.run(AbstractRemoteTestNG.java:132)
	at org.testng.remote.RemoteTestNG.initAndRun(RemoteTestNG.java:236)
	at org.testng.remote.RemoteTestNG.main(RemoteTestNG.java:81)
Caused by: java.lang.InstantiationException: com.testautomationassignment.pom.pages.LaunchPage
	at java.lang.Class.newInstance(Unknown Source)
	at org.openqa.selenium.support.PageFactory.instantiatePage(PageFactory.java:131)
	... 27 more
Caused by: java.lang.NoSuchMethodException: com.testautomationassignment.pom.pages.LaunchPage.<init>()
	at java.lang.Class.getConstructor0(Unknown Source)
	... 29 more
]]>
            </full-stacktrace>
          </exception> <!-- java.lang.RuntimeException -->
          <reporter-output>
          </reporter-output>
        </test-method> <!-- testABCNewsHomePage -->
        <test-method status="PASS" signature="quit()[pri:0, instance:com.testautomationassignment.pom.testcases.ABCNewsHomePage@1d8d30f7]" name="quit" is-config="true" duration-ms="206" started-at="2017-02-15T21:40:29Z" finished-at="2017-02-15T21:40:30Z">
          <reporter-output>
          </reporter-output>
        </test-method> <!-- quit -->
      </class> <!-- com.testautomationassignment.pom.testcases.ABCNewsHomePage -->
    </test> <!-- Default test -->
  </suite> <!-- Default suite -->
</testng-results>
